Phase 1 of 3: generation of data representation information ...
Phase 2 of 3: generation of Global contracts ...
Phase 3 of 3: flow analysis and proof ...
spark_argon2id-zeroize.adb:10:33: info: loop invariant preservation proved
spark_argon2id-zeroize.adb:10:33: info: loop invariant initialization proved
spark_argon2id-zeroize.adb:10:64: info: overflow check proved
spark_argon2id-zeroize.adb:11:22: info: index check proved
spark_argon2id-zeroize.adb:24:25: info: assertion proved
spark_argon2id-zeroize.adb:30:33: info: loop invariant initialization proved
spark_argon2id-zeroize.adb:30:33: info: loop invariant preservation proved
spark_argon2id-zeroize.adb:31:33: info: loop invariant initialization proved
spark_argon2id-zeroize.adb:31:33: info: loop invariant preservation proved
spark_argon2id-zeroize.adb:31:64: info: overflow check proved
spark_argon2id-zeroize.adb:32:21: info: index check proved
spark_argon2id-zeroize.adb:36:25: info: assertion proved
spark_argon2id-zeroize.adb:37:25: info: assertion proved
spark_argon2id-zeroize.adb:37:67: info: index check proved
spark_argon2id-zeroize.adb:41:22: info: assertion proved
spark_argon2id-zeroize.adb:41:59: info: index check proved
spark_argon2id-zeroize.adb:42:22: info: assertion proved
spark_argon2id-zeroize.adb:49:33: info: loop invariant preservation proved
spark_argon2id-zeroize.adb:49:33: info: loop invariant initialization proved
spark_argon2id-zeroize.adb:50:33: info: loop invariant preservation proved
spark_argon2id-zeroize.adb:50:33: info: loop invariant initialization proved
spark_argon2id-zeroize.adb:51:21: info: index check proved
spark_argon2id-zeroize.adb:56:22: info: assertion proved
spark_argon2id-zeroize.adb:57:22: info: assertion proved
spark_argon2id-zeroize.adb:64:33: info: loop invariant preservation proved
spark_argon2id-zeroize.adb:64:33: info: loop invariant initialization proved
spark_argon2id-zeroize.adb:65:33: info: loop invariant preservation proved
spark_argon2id-zeroize.adb:65:33: info: loop invariant initialization proved
spark_argon2id-zeroize.adb:66:21: info: index check proved
spark_argon2id-zeroize.adb:71:22: info: assertion proved
spark_argon2id-zeroize.adb:72:22: info: assertion proved
spark_argon2id-zeroize.adb:86:33: info: loop invariant initialization proved
spark_argon2id-zeroize.adb:86:33: info: loop invariant preservation proved
spark_argon2id-zeroize.adb:87:33: info: loop invariant preservation proved
spark_argon2id-zeroize.adb:87:33: info: loop invariant initialization proved
spark_argon2id-zeroize.adb:87:35: info: overflow check proved
spark_argon2id-zeroize.adb:87:48: info: overflow check proved
spark_argon2id-zeroize.adb:88:33: info: loop invariant initialization proved
spark_argon2id-zeroize.adb:88:33: info: loop invariant preservation proved
spark_argon2id-zeroize.adb:88:78: info: overflow check proved
spark_argon2id-zeroize.adb:89:19: info: index check proved
spark_argon2id-zeroize.adb:89:33: info: overflow check proved
spark_argon2id-zeroize.adb:89:46: info: overflow check proved
spark_argon2id-zeroize.adb:89:46: info: index check proved
spark_argon2id-zeroize.adb:93:53: info: overflow check proved
spark_argon2id-zeroize.adb:93:66: info: overflow check proved
spark_argon2id-zeroize.adb:93:66: info: index check proved
spark_argon2id-zeroize.adb:97:22: info: assertion proved
spark_argon2id-zeroize.adb:98:16: info: index check proved
spark_argon2id-zeroize.adb:98:30: info: overflow check proved
spark_argon2id-zeroize.adb:98:43: info: overflow check proved
spark_argon2id-zeroize.adb:98:43: info: index check proved
spark_argon2id-zeroize.ads:9:13: info: implicit aspect Always_Terminates on "Is_Zeroed_Ghost" has been proved, subprogram will terminate
spark_argon2id-zeroize.ads:10:44: info: index check proved
spark_argon2id-zeroize.ads:13:06: info: data dependencies proved
spark_argon2id-zeroize.ads:14:06: info: flow dependencies proved
spark_argon2id-zeroize.ads:17:13: info: implicit aspect Always_Terminates on "Is_Zeroed" has been proved, subprogram will terminate
spark_argon2id-zeroize.ads:19:06: info: data dependencies proved
spark_argon2id-zeroize.ads:20:06: info: flow dependencies proved
spark_argon2id-zeroize.ads:21:17: info: postcondition proved
spark_argon2id-zeroize.ads:26:08: info: data dependencies proved
spark_argon2id-zeroize.ads:27:08: info: flow dependencies proved
spark_argon2id-zeroize.ads:28:19: info: postcondition proved
spark_argon2id-zeroize.ads:33:08: info: data dependencies proved
spark_argon2id-zeroize.ads:34:08: info: flow dependencies proved
spark_argon2id-zeroize.ads:35:19: info: postcondition proved
spark_argon2id-zeroize.ads:40:08: info: data dependencies proved
spark_argon2id-zeroize.ads:41:08: info: flow dependencies proved
spark_argon2id-zeroize.ads:42:19: info: postcondition proved
spark_argon2id-zeroize.ads:47:13: info: implicit aspect Always_Terminates on "Equal" has been proved, subprogram will terminate
spark_argon2id-zeroize.ads:49:08: info: data dependencies proved
spark_argon2id-zeroize.ads:50:08: info: flow dependencies proved
spark_argon2id-zeroize.ads:54:19: info: postcondition proved
spark_argon2id-zeroize.ads:55:27: info: index check proved
spark_argon2id-zeroize.ads:55:41: info: overflow check proved
spark_argon2id-zeroize.ads:55:54: info: overflow check proved
spark_argon2id-zeroize.ads:55:54: info: index check proved
spark_argon2id.adb:45:07: info: initialization of "H0" proved
spark_argon2id.adb:47:32: info: length check proved
spark_argon2id.adb:47:43: info: range check proved
spark_argon2id.adb:49:07: info: initialization of "Final_Output" proved
spark_argon2id.adb:53:59: info: range check proved
spark_argon2id.adb:53:74: info: range check proved
spark_argon2id.adb:54:41: info: range check proved
spark_argon2id.adb:56:25: info: assertion proved
spark_argon2id.adb:57:10: info: precondition proved
spark_argon2id.adb:64:47: info: range check proved
spark_argon2id.adb:65:47: info: range check proved
spark_argon2id.adb:72:13: info: initialization of "Init_Blocks" proved
spark_argon2id.adb:74:13: info: precondition proved
spark_argon2id.adb:74:69: info: initialization check proved
spark_argon2id.adb:75:24: info: index check proved
spark_argon2id.adb:76:24: info: index check proved
spark_argon2id.adb:84:30: info: precondition proved

spark_argon2id.adb:92:29: warning: statement has no effect
   92 |      Spark_Argon2id.Zeroize.Wipe (H0);
      |      ~~~~~~~~~~~~~~~~~~~~~~^~~~~~~~~

spark_argon2id.adb:92:36: warning: "H0" is set by "Wipe" but not used after the call
   92 |      Spark_Argon2id.Zeroize.Wipe (H0);
      |                                   ^~

spark_argon2id.adb:93:29: warning: statement has no effect
   93 |      Spark_Argon2id.Zeroize.Wipe (Final_Output);
      |      ~~~~~~~~~~~~~~~~~~~~~~^~~~~~~~~~~~~~~~~~~

spark_argon2id.adb:93:36: warning: "Final_Output" is set by "Wipe" but not used after the call
   93 |      Spark_Argon2id.Zeroize.Wipe (Final_Output);
      |                                   ^~~~~~~~~~~~

spark_argon2id.adb:96:17: warning: this statement is never reached
   96 |         Output := [others => 0];
      |         ~~~~~~~^~~~~~~~~~~~~~~

spark_argon2id.adb:97:32: warning: this statement is never reached
   97 |         Spark_Argon2id.Zeroize.Wipe (H0);
      |         ~~~~~~~~~~~~~~~~~~~~~~^~~~~~~~~

spark_argon2id.adb:98:32: warning: this statement is never reached
   98 |         Spark_Argon2id.Zeroize.Wipe (Final_Output);
      |         ~~~~~~~~~~~~~~~~~~~~~~^~~~~~~~~~~~~~~~~~~

spark_argon2id.adb:99:18: warning: this statement is never reached
   99 |         Success := False;
      |         ~~~~~~~~^~~~~~~~
spark_argon2id.adb:115:07: info: initialization of "H0" proved
spark_argon2id.adb:116:32: info: length check proved
spark_argon2id.adb:116:43: info: range check proved
spark_argon2id.adb:120:59: info: range check proved
spark_argon2id.adb:120:68: info: range check proved
spark_argon2id.adb:122:25: info: assertion proved
spark_argon2id.adb:123:10: info: precondition proved
spark_argon2id.adb:129:37: info: range check proved
spark_argon2id.adb:130:41: info: range check proved
spark_argon2id.adb:131:41: info: range check proved
spark_argon2id.adb:137:13: info: initialization of "Init_Blocks" proved
spark_argon2id.adb:139:13: info: precondition proved
spark_argon2id.adb:139:69: info: initialization check proved
spark_argon2id.adb:140:24: info: index check proved
spark_argon2id.adb:141:24: info: index check proved
spark_argon2id.adb:147:30: info: precondition proved
spark_argon2id.adb:149:32: info: range check proved

spark_argon2id.adb:154:29: warning: statement has no effect
  154 |      Spark_Argon2id.Zeroize.Wipe (H0);
      |      ~~~~~~~~~~~~~~~~~~~~~~^~~~~~~~~

spark_argon2id.adb:154:36: warning: "H0" is set by "Wipe" but not used after the call
  154 |      Spark_Argon2id.Zeroize.Wipe (H0);
      |                                   ^~

spark_argon2id.adb:157:17: warning: this statement is never reached
  157 |         Output := [others => 0];
      |         ~~~~~~~^~~~~~~~~~~~~~~

spark_argon2id.adb:158:32: warning: this statement is never reached
  158 |         Spark_Argon2id.Zeroize.Wipe (H0);
      |         ~~~~~~~~~~~~~~~~~~~~~~^~~~~~~~~

spark_argon2id.adb:159:18: warning: this statement is never reached
  159 |         Success := False;
      |         ~~~~~~~~^~~~~~~~
spark_argon2id.ads:35:07: info: initialization of "Output" proved
spark_argon2id.ads:36:07: info: initialization of "Success" proved
spark_argon2id.ads:38:08: info: data dependencies proved
spark_argon2id.ads:46:08: info: flow dependencies proved
spark_argon2id.ads:48:19: info: postcondition proved
spark_argon2id.ads:56:07: info: initialization of "Output" proved
spark_argon2id.ads:60:07: info: initialization of "Success" proved
spark_argon2id.ads:62:08: info: data dependencies proved
spark_argon2id.ads:72:08: info: flow dependencies proved
spark_argon2id.ads:74:19: info: postcondition proved
spark_argon2id.ads:74:78: info: index check proved
spark_argon2id-index.adb:21:30: info: range check proved
spark_argon2id-index.adb:22:18: info: range check proved
spark_argon2id-index.adb:34:07: info: initialization of "Ref_Lane" proved
spark_argon2id-index.adb:38:34: info: division check proved
spark_argon2id-index.adb:38:34: info: range check proved
spark_argon2id-index.adb:59:07: info: initialization of "Ref_Area" proved
spark_argon2id-index.adb:75:31: info: range check proved
spark_argon2id-index.adb:81:40: info: overflow check proved
spark_argon2id-index.adb:81:68: info: overflow check proved
spark_argon2id-index.adb:81:76: info: range check proved
spark_argon2id-index.adb:86:43: info: overflow check proved
spark_argon2id-index.adb:86:71: info: range check proved
spark_argon2id-index.adb:88:43: info: overflow check proved
spark_argon2id-index.adb:88:43: info: range check proved
spark_argon2id-index.adb:97:76: info: overflow check proved
spark_argon2id-index.adb:97:84: info: range check proved
spark_argon2id-index.adb:100:79: info: range check proved
spark_argon2id-index.adb:102:51: info: range check proved
spark_argon2id-index.adb:121:07: info: initialization of "X" proved
spark_argon2id-index.adb:122:07: info: initialization of "Y" proved
spark_argon2id-index.adb:123:07: info: initialization of "Z" proved
spark_argon2id-index.adb:124:07: info: initialization of "Z_Nat" proved
spark_argon2id-index.adb:125:07: info: initialization of "Relative_Pos" proved
spark_argon2id-index.adb:130:20: info: division check proved
spark_argon2id-index.adb:137:14: info: division check proved
spark_argon2id-index.adb:184:25: info: range check proved
spark_argon2id-index.adb:185:22: info: assertion proved
spark_argon2id-index.adb:192:47: info: overflow check proved
spark_argon2id-index.adb:192:47: info: range check proved
spark_argon2id-index.adb:208:07: info: initialization of "Start_Position" proved
spark_argon2id-index.adb:209:07: info: initialization of "Absolute_Position" proved
spark_argon2id-index.adb:222:47: info: overflow check proved
spark_argon2id-index.adb:223:28: info: division check proved
spark_argon2id-index.adb:227:44: info: overflow check proved
spark_argon2id-index.adb:228:28: info: division check proved
spark_argon2id-index.adb:228:28: info: range check proved
spark_argon2id-index.adb:231:22: info: assertion proved
spark_argon2id-index.adb:232:22: info: assertion proved
spark_argon2id-index.adb:238:25: info: assertion proved
spark_argon2id-index.adb:239:25: info: assertion proved
spark_argon2id-index.adb:240:25: info: assertion proved
spark_argon2id-index.adb:278:22: info: assertion justified
spark_argon2id-index.adb:279:51: info: overflow check proved
spark_argon2id-index.adb:279:79: info: overflow check proved
spark_argon2id-index.adb:301:07: info: initialization of "Temp_Block" proved
spark_argon2id-index.adb:330:39: info: initialization check proved
spark_argon2id-index.adb:332:28: info: precondition proved
spark_argon2id-index.adb:334:28: info: non-aliasing of formal parameters "Y" and "Output" proved
spark_argon2id-index.adb:334:28: info: initialization check proved
spark_argon2id-index.adb:338:29: info: initialization check proved
spark_argon2id-index.adb:339:28: info: precondition proved
spark_argon2id-index.adb:358:07: info: initialization of "Temp_Block" proved
spark_argon2id-index.adb:359:07: info: initialization of "Block_Offset" proved
spark_argon2id-index.adb:363:29: info: division check proved
spark_argon2id-index.adb:376:28: info: precondition proved
spark_argon2id-index.adb:378:28: info: non-aliasing of formal parameters "Y" and "Output" proved
spark_argon2id-index.adb:384:28: info: precondition proved
spark_argon2id-index.adb:409:07: info: initialization of "Mode" proved
spark_argon2id-index.adb:410:07: info: initialization of "Pseudo_Rand" proved
spark_argon2id-index.adb:411:07: info: initialization of "J1" proved
spark_argon2id-index.adb:412:07: info: initialization of "J2" proved
spark_argon2id-index.adb:413:07: info: initialization of "Ref_Area_Size" proved
spark_argon2id-index.adb:414:07: info: initialization of "Rel_Pos" proved
spark_argon2id-index.adb:415:07: info: initialization of "Same_Lane" proved
spark_argon2id-index.adb:424:10: info: precondition proved
spark_argon2id-index.adb:438:24: info: precondition proved
spark_argon2id-index.adb:441:22: info: assertion proved
spark_argon2id-index.adb:444:18: info: precondition proved
spark_argon2id-index.adb:447:22: info: assertion proved
spark_argon2id-index.adb:448:22: info: assertion proved
spark_argon2id-index.adb:448:32: info: precondition proved
spark_argon2id-index.adb:454:25: info: assertion justified
spark_argon2id-index.adb:459:25: info: assertion proved
spark_argon2id-index.adb:460:25: info: assertion proved
spark_argon2id-index.adb:464:20: info: precondition proved
spark_argon2id-index.ads:39:12: info: range check proved
spark_argon2id-index.ads:43:12: info: range check proved
spark_argon2id-index.ads:78:07: info: initialization of "J1" proved
spark_argon2id-index.ads:79:07: info: initialization of "J2" proved
spark_argon2id-index.ads:81:07: info: data dependencies proved
spark_argon2id-index.ads:82:17: info: postcondition proved
spark_argon2id-index.ads:82:39: info: range check proved
spark_argon2id-index.ads:83:27: info: range check proved
spark_argon2id-index.ads:96:13: info: implicit aspect Always_Terminates on "Calculate_Ref_Lane" has been proved, subprogram will terminate
spark_argon2id-index.ads:100:07: info: data dependencies proved
spark_argon2id-index.ads:101:17: info: postcondition proved
spark_argon2id-index.ads:122:13: info: implicit aspect Always_Terminates on "Calculate_Reference_Area_Size" has been proved, subprogram will terminate
spark_argon2id-index.ads:127:07: info: data dependencies proved
spark_argon2id-index.ads:134:17: info: postcondition proved
spark_argon2id-index.ads:160:13: info: implicit aspect Always_Terminates on "Map_J1_To_Position" has been proved, subprogram will terminate
spark_argon2id-index.ads:164:07: info: data dependencies proved
spark_argon2id-index.ads:166:17: info: postcondition proved
spark_argon2id-index.ads:181:13: info: implicit aspect Always_Terminates on "Calculate_Ref_Index" has been proved, subprogram will terminate
spark_argon2id-index.ads:187:07: info: data dependencies proved
spark_argon2id-index.ads:201:37: info: precondition proved
spark_argon2id-index.ads:202:17: info: postcondition proved
spark_argon2id-index.ads:205:49: info: overflow check proved
spark_argon2id-index.ads:205:77: info: overflow check proved
spark_argon2id-index.ads:237:07: info: data dependencies proved
spark_argon2id-index.ads:242:17: info: postcondition proved
spark_argon2id-index.ads:243:22: info: initialization check proved
spark_argon2id-index.ads:244:22: info: initialization check proved
spark_argon2id-index.ads:245:22: info: initialization check proved
spark_argon2id-index.ads:246:22: info: initialization check proved
spark_argon2id-index.ads:247:22: info: initialization check proved
spark_argon2id-index.ads:248:22: info: initialization check proved
spark_argon2id-index.ads:249:22: info: initialization check proved
spark_argon2id-index.ads:250:22: info: initialization check proved
spark_argon2id-index.ads:270:07: info: initialization of "Pseudo_Rand" proved
spark_argon2id-index.ads:272:07: info: data dependencies proved
spark_argon2id-index.ads:274:17: info: postcondition proved
spark_argon2id-index.ads:274:58: info: division check proved
spark_argon2id-index.ads:276:27: info: division check proved
spark_argon2id-index.ads:304:07: info: initialization of "Ref_Lane" proved
spark_argon2id-index.ads:305:07: info: initialization of "Ref_Index" proved
spark_argon2id-index.ads:307:07: info: data dependencies proved
spark_argon2id-index.ads:314:17: info: postcondition proved
spark_argon2id-index.ads:316:43: info: overflow check proved
spark_argon2id-index.ads:316:71: info: overflow check proved
spark_argon2id-index.ads:336:13: info: implicit aspect Always_Terminates on "Ref_Index_Valid" has been proved, subprogram will terminate
spark_argon2id-index.ads:345:50: info: overflow check proved
spark_argon2id-index.ads:345:78: info: overflow check proved
spark_argon2id-index.ads:351:07: info: data dependencies proved
spark_argon2id-fill.adb:29:13: info: implicit aspect Always_Terminates on "Calculate_Prev_Index" has been proved, subprogram will terminate
spark_argon2id-fill.adb:34:07: info: data dependencies proved
spark_argon2id-fill.adb:36:17: info: postcondition proved
spark_argon2id-fill.adb:43:07: info: initialization of "Current_Index" proved
spark_argon2id-fill.adb:44:07: info: initialization of "Prev_Index" proved
spark_argon2id-fill.adb:47:32: info: overflow check proved
spark_argon2id-fill.adb:47:60: info: overflow check proved
spark_argon2id-fill.adb:52:47: info: range check proved
spark_argon2id-fill.adb:54:38: info: range check proved
spark_argon2id-fill.adb:65:13: info: implicit aspect Always_Terminates on "Calculate_Current_Index" has been proved, subprogram will terminate
spark_argon2id-fill.adb:70:07: info: data dependencies proved
spark_argon2id-fill.adb:72:17: info: postcondition proved
spark_argon2id-fill.adb:80:22: info: overflow check proved
spark_argon2id-fill.adb:80:50: info: overflow check proved
spark_argon2id-fill.adb:80:50: info: range check proved
spark_argon2id-fill.adb:92:07: info: initialization of "Pos" proved
spark_argon2id-fill.adb:104:07: info: initialization of "Ref_Lane" proved
spark_argon2id-fill.adb:105:07: info: initialization of "Ref_Index" proved
spark_argon2id-fill.adb:108:07: info: initialization of "Prev_Index" proved
spark_argon2id-fill.adb:109:07: info: initialization of "Current_Index" proved
spark_argon2id-fill.adb:112:07: info: initialization of "Prev_Block" proved
spark_argon2id-fill.adb:113:07: info: initialization of "Ref_Block" proved
spark_argon2id-fill.adb:114:07: info: initialization of "Output_Block" proved
spark_argon2id-fill.adb:117:07: info: initialization of "Start_Index" proved
spark_argon2id-fill.adb:118:07: info: initialization of "End_Index" proved
spark_argon2id-fill.adb:156:19: info: precondition proved
spark_argon2id-fill.adb:156:49: info: initialization check proved
spark_argon2id-fill.adb:175:39: info: loop invariant initialization proved
spark_argon2id-fill.adb:175:39: info: loop invariant preservation proved
spark_argon2id-fill.adb:176:39: info: loop invariant preservation proved
spark_argon2id-fill.adb:176:39: info: loop invariant initialization proved
spark_argon2id-fill.adb:177:39: info: loop invariant initialization proved
spark_argon2id-fill.adb:177:39: info: loop invariant preservation proved
spark_argon2id-fill.adb:178:39: info: loop invariant preservation proved
spark_argon2id-fill.adb:178:39: info: loop invariant initialization proved
spark_argon2id-fill.adb:179:39: info: loop invariant initialization proved
spark_argon2id-fill.adb:179:39: info: loop invariant preservation proved
spark_argon2id-fill.adb:180:39: info: loop invariant preservation proved
spark_argon2id-fill.adb:180:39: info: loop invariant initialization proved
spark_argon2id-fill.adb:181:39: info: loop invariant initialization proved
spark_argon2id-fill.adb:181:39: info: loop invariant preservation proved
spark_argon2id-fill.adb:182:39: info: loop invariant initialization proved
spark_argon2id-fill.adb:182:39: info: loop invariant preservation proved
spark_argon2id-fill.adb:183:39: info: loop invariant preservation proved
spark_argon2id-fill.adb:183:39: info: loop invariant initialization proved
spark_argon2id-fill.adb:184:39: info: loop invariant preservation proved
spark_argon2id-fill.adb:184:39: info: loop invariant initialization proved
spark_argon2id-fill.adb:186:19: info: loop invariant preservation proved
spark_argon2id-fill.adb:186:19: info: loop invariant initialization proved
spark_argon2id-fill.adb:191:39: info: precondition proved
spark_argon2id-fill.adb:191:39: info: loop invariant initialization proved
spark_argon2id-fill.adb:191:39: info: loop invariant preservation proved
spark_argon2id-fill.adb:191:70: info: range check proved
spark_argon2id-fill.adb:192:39: info: precondition proved
spark_argon2id-fill.adb:192:39: info: loop invariant preservation proved
spark_argon2id-fill.adb:192:39: info: loop invariant initialization proved
spark_argon2id-fill.adb:192:73: info: range check proved
spark_argon2id-fill.adb:200:16: info: precondition proved
spark_argon2id-fill.adb:203:50: info: precondition proved
spark_argon2id-fill.adb:208:31: info: assertion proved
spark_argon2id-fill.adb:209:31: info: assertion proved
spark_argon2id-fill.adb:216:30: info: precondition proved
spark_argon2id-fill.adb:217:31: info: assertion proved
spark_argon2id-fill.adb:224:31: info: assertion proved
spark_argon2id-fill.adb:225:31: info: assertion proved
spark_argon2id-fill.adb:236:33: info: precondition proved
spark_argon2id-fill.adb:237:31: info: assertion proved
spark_argon2id-fill.adb:243:16: info: precondition proved
spark_argon2id-fill.adb:248:31: info: assertion proved
spark_argon2id-fill.adb:253:45: info: loop invariant preservation proved
spark_argon2id-fill.adb:253:45: info: loop invariant initialization proved
spark_argon2id-fill.adb:254:45: info: loop invariant initialization proved
spark_argon2id-fill.adb:254:45: info: loop invariant preservation proved
spark_argon2id-fill.adb:255:45: info: loop invariant initialization proved
spark_argon2id-fill.adb:255:45: info: loop invariant preservation proved
spark_argon2id-fill.adb:291:07: info: initialization of "Ref_Lane" proved
spark_argon2id-fill.adb:292:07: info: initialization of "Ref_Index" proved
spark_argon2id-fill.adb:293:07: info: initialization of "Prev_Index" proved
spark_argon2id-fill.adb:294:07: info: initialization of "Current_Index" proved
spark_argon2id-fill.adb:295:07: info: initialization of "Prev_Block" proved
spark_argon2id-fill.adb:296:07: info: initialization of "Ref_Block" proved
spark_argon2id-fill.adb:297:07: info: initialization of "Output_Block" proved
spark_argon2id-fill.adb:298:07: info: initialization of "Start_Index" proved
spark_argon2id-fill.adb:299:07: info: initialization of "End_Index" proved
spark_argon2id-fill.adb:302:10: info: precondition proved
spark_argon2id-fill.adb:302:40: info: initialization check proved
spark_argon2id-fill.adb:314:33: info: loop invariant initialization proved
spark_argon2id-fill.adb:314:33: info: loop invariant preservation proved
spark_argon2id-fill.adb:315:33: info: loop invariant preservation proved
spark_argon2id-fill.adb:315:33: info: loop invariant initialization proved
spark_argon2id-fill.adb:316:33: info: loop invariant initialization proved
spark_argon2id-fill.adb:316:33: info: loop invariant preservation proved
spark_argon2id-fill.adb:317:33: info: loop invariant preservation proved
spark_argon2id-fill.adb:317:33: info: loop invariant initialization proved
spark_argon2id-fill.adb:318:33: info: loop invariant initialization proved
spark_argon2id-fill.adb:318:33: info: loop invariant preservation proved
spark_argon2id-fill.adb:319:33: info: loop invariant initialization proved
spark_argon2id-fill.adb:319:33: info: loop invariant preservation proved
spark_argon2id-fill.adb:320:33: info: loop invariant initialization proved
spark_argon2id-fill.adb:320:33: info: loop invariant preservation proved
spark_argon2id-fill.adb:321:33: info: precondition proved
spark_argon2id-fill.adb:321:33: info: loop invariant initialization proved
spark_argon2id-fill.adb:321:33: info: loop invariant preservation proved
spark_argon2id-fill.adb:321:64: info: range check proved
spark_argon2id-fill.adb:322:33: info: precondition proved
spark_argon2id-fill.adb:322:33: info: loop invariant preservation proved
spark_argon2id-fill.adb:322:33: info: loop invariant initialization proved
spark_argon2id-fill.adb:322:67: info: range check proved
spark_argon2id-fill.adb:326:10: info: precondition proved
spark_argon2id-fill.adb:329:44: info: precondition proved
spark_argon2id-fill.adb:334:25: info: assertion proved
spark_argon2id-fill.adb:335:25: info: assertion proved
spark_argon2id-fill.adb:337:24: info: precondition proved
spark_argon2id-fill.adb:338:25: info: assertion proved
spark_argon2id-fill.adb:341:25: info: assertion proved
spark_argon2id-fill.adb:342:25: info: assertion proved
spark_argon2id-fill.adb:344:27: info: precondition proved
spark_argon2id-fill.adb:345:25: info: assertion proved
spark_argon2id-fill.adb:347:10: info: precondition proved
spark_argon2id-fill.adb:348:25: info: assertion proved
spark_argon2id-fill.adb:352:39: info: loop invariant preservation proved
spark_argon2id-fill.adb:352:39: info: loop invariant initialization proved
spark_argon2id-fill.adb:353:39: info: loop invariant preservation proved
spark_argon2id-fill.adb:353:39: info: loop invariant initialization proved
spark_argon2id-fill.adb:354:39: info: loop invariant initialization proved
spark_argon2id-fill.adb:354:39: info: loop invariant preservation proved
spark_argon2id-fill.ads:110:07: info: data dependencies proved
spark_argon2id-fill.ads:122:07: info: data dependencies proved
spark_argon2id-mix.adb:16:13: info: implicit aspect Always_Terminates on "Rotr32" has been proved, subprogram will terminate
spark_argon2id-mix.adb:17:19: info: data dependencies proved
spark_argon2id-mix.adb:19:13: info: implicit aspect Always_Terminates on "Rotr24" has been proved, subprogram will terminate
spark_argon2id-mix.adb:20:19: info: data dependencies proved
spark_argon2id-mix.adb:22:13: info: implicit aspect Always_Terminates on "Rotr16" has been proved, subprogram will terminate
spark_argon2id-mix.adb:23:19: info: data dependencies proved
spark_argon2id-mix.adb:25:13: info: implicit aspect Always_Terminates on "Rotr63" has been proved, subprogram will terminate
spark_argon2id-mix.adb:26:19: info: data dependencies proved
spark_argon2id-mix.adb:60:07: info: data dependencies proved

spark_argon2id-mix.adb:62:07: warning: postcondition does not check the outcome of calling "GB"
   62 |      Post   => V'Length = 128,
      |      ^~~~~~~~~~~~~~~~~~~~~~~~
spark_argon2id-mix.adb:62:17: info: postcondition proved
spark_argon2id-mix.adb:66:07: info: initialization of "A_Mod" proved
spark_argon2id-mix.adb:66:14: info: initialization of "B_Mod" proved
spark_argon2id-mix.adb:66:21: info: initialization of "C_Mod" proved
spark_argon2id-mix.adb:66:28: info: initialization of "D_Mod" proved
spark_argon2id-mix.adb:69:07: info: initialization of "A_Lo" proved
spark_argon2id-mix.adb:69:13: info: initialization of "B_Lo" proved
spark_argon2id-mix.adb:69:19: info: initialization of "C_Lo" proved
spark_argon2id-mix.adb:69:25: info: initialization of "D_Lo" proved
spark_argon2id-mix.adb:158:07: info: data dependencies proved

spark_argon2id-mix.adb:160:07: warning: postcondition does not check the outcome of calling "P"
  160 |      Post   => R'Length = 128
      |      ^~~~~~~~~~~~~~~~~~~~~~~~
spark_argon2id-mix.adb:160:17: info: postcondition proved
spark_argon2id-mix.adb:168:10: info: data dependencies proved

spark_argon2id-mix.adb:170:10: warning: postcondition does not check the outcome of calling "Blake2_Round"
  170 |         Post   => R'Length = 128,
      |         ^~~~~~~~~~~~~~~~~~~~~~~~
spark_argon2id-mix.adb:170:20: info: postcondition proved
spark_argon2id-mix.adb:175:10: info: precondition proved
spark_argon2id-mix.adb:176:10: info: precondition proved
spark_argon2id-mix.adb:177:10: info: precondition proved
spark_argon2id-mix.adb:178:10: info: precondition proved
spark_argon2id-mix.adb:181:10: info: precondition proved
spark_argon2id-mix.adb:182:10: info: precondition proved
spark_argon2id-mix.adb:183:10: info: precondition proved
spark_argon2id-mix.adb:184:10: info: precondition proved

spark_argon2id-mix.adb:195:10: warning: pragma "Loop_Optimize" ignored (not yet supported)
  195 |         pragma Loop_Optimize (No_Unroll);
      |         ^~~~~~~~~~~~~~~~~~~~~~~~~~~~~~~
spark_argon2id-mix.adb:196:33: info: loop invariant initialization proved
spark_argon2id-mix.adb:196:33: info: loop invariant preservation proved
spark_argon2id-mix.adb:199:51: info: range check proved
spark_argon2id-mix.adb:201:13: info: precondition proved
spark_argon2id-mix.adb:202:46: info: range check proved
spark_argon2id-mix.adb:202:64: info: range check proved
spark_argon2id-mix.adb:202:82: info: range check proved
spark_argon2id-mix.adb:203:28: info: range check proved
spark_argon2id-mix.adb:203:46: info: range check proved
spark_argon2id-mix.adb:203:64: info: range check proved
spark_argon2id-mix.adb:203:82: info: range check proved
spark_argon2id-mix.adb:204:28: info: range check proved
spark_argon2id-mix.adb:204:46: info: range check proved
spark_argon2id-mix.adb:204:64: info: range check proved
spark_argon2id-mix.adb:204:82: info: range check proved
spark_argon2id-mix.adb:205:28: info: range check proved
spark_argon2id-mix.adb:205:46: info: range check proved
spark_argon2id-mix.adb:205:64: info: range check proved
spark_argon2id-mix.adb:205:82: info: range check proved

spark_argon2id-mix.adb:217:10: warning: pragma "Loop_Optimize" ignored (not yet supported)
  217 |         pragma Loop_Optimize (No_Unroll);
      |         ^~~~~~~~~~~~~~~~~~~~~~~~~~~~~~~
spark_argon2id-mix.adb:218:33: info: loop invariant preservation proved
spark_argon2id-mix.adb:218:33: info: loop invariant initialization proved
spark_argon2id-mix.adb:221:51: info: range check proved
spark_argon2id-mix.adb:223:13: info: precondition proved
spark_argon2id-mix.adb:224:47: info: range check proved
spark_argon2id-mix.adb:225:28: info: range check proved
spark_argon2id-mix.adb:225:47: info: range check proved
spark_argon2id-mix.adb:226:28: info: range check proved
spark_argon2id-mix.adb:226:47: info: range check proved
spark_argon2id-mix.adb:227:28: info: range check proved
spark_argon2id-mix.adb:227:47: info: range check proved
spark_argon2id-mix.adb:228:28: info: range check proved
spark_argon2id-mix.adb:228:47: info: range check proved
spark_argon2id-mix.adb:229:28: info: range check proved
spark_argon2id-mix.adb:229:47: info: range check proved
spark_argon2id-mix.adb:230:28: info: range check proved
spark_argon2id-mix.adb:230:47: info: range check proved
spark_argon2id-mix.adb:231:28: info: range check proved
spark_argon2id-mix.adb:231:47: info: range check proved

spark_argon2id-mix.adb:266:07: warning: initialization of "R" has no effect
  266 |      R : Block := Zero_Block;  -- Temporary for X âŠ• Y
      |      ^~~~~~~~~~~~~~~~~~~~~~~

spark_argon2id-mix.adb:269:14: warning: unused assignment
  269 |      Output := Zero_Block;
      |      ~~~~~~~^~~~~~~~~~~~~

spark_argon2id-mix.adb:276:10: warning: pragma "Loop_Optimize" ignored (not yet supported)
  276 |         pragma Loop_Optimize (No_Unroll);
      |         ^~~~~~~~~~~~~~~~~~~~~~~~~~~~~~~
spark_argon2id-mix.adb:277:33: info: loop invariant initialization proved
spark_argon2id-mix.adb:277:33: info: loop invariant preservation proved
spark_argon2id-mix.adb:286:07: info: precondition proved

spark_argon2id-mix.adb:293:10: warning: pragma "Loop_Optimize" ignored (not yet supported)
  293 |         pragma Loop_Optimize (No_Unroll);
      |         ^~~~~~~~~~~~~~~~~~~~~~~~~~~~~~~
spark_argon2id-mix.adb:294:33: info: loop invariant initialization proved
spark_argon2id-mix.adb:294:33: info: loop invariant preservation proved
spark_argon2id-mix.ads:81:07: info: initialization of "Output" proved
spark_argon2id-mix.ads:83:07: info: data dependencies proved

spark_argon2id-mix.ads:86:07: warning: postcondition does not check the outcome of calling "G"
   86 |      Post   => Output'Length = 128;
      |      ^~~~~~~~~~~~~~~~~~~~~~~~~~~~~
spark_argon2id-mix.ads:86:17: info: postcondition proved
spark_argon2id-hprime.adb:21:13: info: implicit aspect Always_Terminates on "LE32" has been proved, subprogram will terminate
spark_argon2id-hprime.adb:22:22: info: range check proved
spark_argon2id-hprime.adb:23:39: info: range check proved
spark_argon2id-hprime.adb:24:40: info: range check proved
spark_argon2id-hprime.adb:25:40: info: range check proved
spark_argon2id-hprime.adb:27:07: info: data dependencies proved
spark_argon2id-hprime.adb:28:17: info: postcondition proved

spark_argon2id-hprime.adb:67:07: warning: initialization of "V" has no effect
   67 |      V : Byte_Array (1 .. 64) := [others => 0];
      |      ^~~~~~~~~~~~~~~~~~~~~~~~~~~~~~~~~~~~~~~~

spark_argon2id-hprime.adb:74:07: warning: initialization of "Out_Offset" has no effect
   74 |      Out_Offset : Natural range 0 .. 4096 := 0;
      |      ^~~~~~~~~~~~~~~~~~~~~~~~~~~~~~~~~~~~~~~~~
spark_argon2id-hprime.adb:77:07: info: initialization of "Remaining" proved
spark_argon2id-hprime.adb:80:07: info: initialization of "Copy_Count" proved
spark_argon2id-hprime.adb:84:14: info: length check proved
spark_argon2id-hprime.adb:92:35: info: length check proved
spark_argon2id-hprime.adb:93:10: info: range check proved
spark_argon2id-hprime.adb:93:24: info: index check proved
spark_argon2id-hprime.adb:93:31: info: overflow check proved
spark_argon2id-hprime.adb:93:31: info: index check proved
spark_argon2id-hprime.adb:93:38: info: range check proved
spark_argon2id-hprime.adb:93:47: info: length check proved
spark_argon2id-hprime.adb:93:50: info: length check proved
spark_argon2id-hprime.adb:97:17: info: precondition proved
spark_argon2id-hprime.adb:98:24: info: range check proved
spark_argon2id-hprime.adb:98:45: info: overflow check proved
spark_argon2id-hprime.adb:98:52: info: range check proved
spark_argon2id-hprime.adb:108:35: info: length check proved
spark_argon2id-hprime.adb:109:10: info: range check proved
spark_argon2id-hprime.adb:109:24: info: index check proved
spark_argon2id-hprime.adb:109:31: info: overflow check proved
spark_argon2id-hprime.adb:109:31: info: index check proved
spark_argon2id-hprime.adb:109:38: info: range check proved
spark_argon2id-hprime.adb:109:47: info: length check proved
spark_argon2id-hprime.adb:109:50: info: length check proved
spark_argon2id-hprime.adb:111:17: info: precondition proved
spark_argon2id-hprime.adb:112:24: info: range check proved
spark_argon2id-hprime.adb:112:45: info: overflow check proved
spark_argon2id-hprime.adb:112:52: info: range check proved
spark_argon2id-hprime.adb:119:10: info: range check proved
spark_argon2id-hprime.adb:119:24: info: index check proved
spark_argon2id-hprime.adb:119:47: info: overflow check proved
spark_argon2id-hprime.adb:119:47: info: index check proved
spark_argon2id-hprime.adb:119:53: info: length check proved
spark_argon2id-hprime.adb:119:56: info: range check proved
spark_argon2id-hprime.adb:119:56: info: length check proved
spark_argon2id-hprime.adb:122:25: info: assertion proved
spark_argon2id-hprime.adb:123:25: info: assertion proved
spark_argon2id-hprime.adb:123:31: info: range check proved
spark_argon2id-hprime.adb:130:36: info: loop invariant preservation proved
spark_argon2id-hprime.adb:130:36: info: loop invariant initialization proved
spark_argon2id-hprime.adb:131:36: info: loop invariant preservation proved
spark_argon2id-hprime.adb:131:36: info: loop invariant initialization proved
spark_argon2id-hprime.adb:132:36: info: loop invariant initialization proved
spark_argon2id-hprime.adb:132:36: info: loop invariant preservation proved
spark_argon2id-hprime.adb:132:47: info: division check proved
spark_argon2id-hprime.adb:133:36: info: loop invariant initialization proved
spark_argon2id-hprime.adb:133:36: info: loop invariant preservation proved
spark_argon2id-hprime.adb:133:42: info: range check proved
spark_argon2id-hprime.adb:134:36: info: loop invariant initialization proved
spark_argon2id-hprime.adb:134:36: info: loop invariant preservation proved
spark_argon2id-hprime.adb:141:40: info: range check proved
spark_argon2id-hprime.adb:147:30: info: range check proved
spark_argon2id-hprime.adb:150:28: info: assertion proved
spark_argon2id-hprime.adb:151:28: info: assertion proved
spark_argon2id-hprime.adb:152:28: info: assertion proved
spark_argon2id-hprime.adb:153:28: info: assertion proved
spark_argon2id-hprime.adb:159:62: info: range check proved
spark_argon2id-hprime.adb:161:23: info: precondition proved
spark_argon2id-hprime.adb:168:13: info: range check proved
spark_argon2id-hprime.adb:168:34: info: overflow check proved
spark_argon2id-hprime.adb:168:34: info: index check proved
spark_argon2id-hprime.adb:168:63: info: overflow check proved
spark_argon2id-hprime.adb:168:76: info: overflow check proved
spark_argon2id-hprime.adb:168:89: info: overflow check proved
spark_argon2id-hprime.adb:168:89: info: index check proved
spark_argon2id-hprime.adb:168:94: info: length check proved
spark_argon2id-hprime.adb:169:16: info: range check proved
spark_argon2id-hprime.adb:169:16: info: length check proved
spark_argon2id-hprime.adb:171:38: info: range check proved
spark_argon2id-hprime.adb:173:28: info: assertion proved
spark_argon2id-hprime.adb:176:25: info: assertion proved
spark_argon2id-hprime.ads:85:07: info: initialization of "Output" proved
spark_argon2id-hprime.ads:87:07: info: data dependencies proved
spark_argon2id-hprime.ads:88:23: info: range check proved
spark_argon2id-hprime.ads:91:17: info: postcondition proved
spark_argon2id-hprime.ads:91:23: info: range check proved
spark_argon2id-init.adb:16:13: info: implicit aspect Always_Terminates on "LE32" has been proved, subprogram will terminate
spark_argon2id-init.adb:17:22: info: range check proved
spark_argon2id-init.adb:18:39: info: range check proved
spark_argon2id-init.adb:19:40: info: range check proved
spark_argon2id-init.adb:20:40: info: range check proved
spark_argon2id-init.adb:22:07: info: data dependencies proved
spark_argon2id-init.adb:23:17: info: postcondition proved
spark_argon2id-init.adb:47:13: info: implicit aspect Always_Terminates on "Bytes_To_Block" has been proved, subprogram will terminate
spark_argon2id-init.adb:49:07: info: data dependencies proved

spark_argon2id-init.adb:51:07: warning: postcondition does not check the outcome of calling "Bytes_To_Block"
   51 |      Post   => Bytes_To_Block'Result'Length = 128
      |      ^~~~~~~~~~~~~~~~~~~~~~~~~~~~~~~~~~~~~~~~~~~~

spark_argon2id-init.adb:51:07: warning: postcondition does not mention function result
   51 |      Post   => Bytes_To_Block'Result'Length = 128
      |      ^~~~~~~~~~~~~~~~~~~~~~~~~~~~~~~~~~~~~~~~~~~~
spark_argon2id-init.adb:51:17: info: postcondition proved

spark_argon2id-init.adb:53:07: warning: initialization of "Result" has no effect
   53 |      Result : Block := Zero_Block;
      |      ^~~~~~~~~~~~~~~~~~~~~~~~~~~~
spark_argon2id-init.adb:54:07: info: initialization of "Offset" proved

spark_argon2id-init.adb:57:10: warning: pragma "Loop_Optimize" ignored (not yet supported)
   57 |         pragma Loop_Optimize (No_Unroll);
      |         ^~~~~~~~~~~~~~~~~~~~~~~~~~~~~~~
spark_argon2id-init.adb:58:33: info: loop invariant preservation proved
spark_argon2id-init.adb:58:33: info: loop invariant initialization proved
spark_argon2id-init.adb:65:32: info: overflow check proved
spark_argon2id-init.adb:65:32: info: index check proved
spark_argon2id-init.adb:66:44: info: overflow check proved
spark_argon2id-init.adb:66:44: info: index check proved
spark_argon2id-init.adb:67:44: info: overflow check proved
spark_argon2id-init.adb:67:44: info: index check proved
spark_argon2id-init.adb:68:44: info: overflow check proved
spark_argon2id-init.adb:68:44: info: index check proved
spark_argon2id-init.adb:69:44: info: overflow check proved
spark_argon2id-init.adb:69:44: info: index check proved
spark_argon2id-init.adb:70:44: info: overflow check proved
spark_argon2id-init.adb:70:44: info: index check proved
spark_argon2id-init.adb:71:44: info: overflow check proved
spark_argon2id-init.adb:71:44: info: index check proved
spark_argon2id-init.adb:72:44: info: overflow check proved
spark_argon2id-init.adb:72:44: info: index check proved

spark_argon2id-init.adb:105:07: warning: initialization of "Block_Bytes" has no effect
  105 |      Block_Bytes : Byte_Array (1 .. 1024) := [others => 0];
      |      ^~~~~~~~~~~~~~~~~~~~~~~~~~~~~~~~~~~~~~~~~~~~~~~~~~~~

spark_argon2id-init.adb:109:14: warning: unused assignment
  109 |      Output := (Block_0 => Zero_Block, Block_1 => Zero_Block);
      |      ~~~~~~~^~~~~~~~~~~~~~~~~~~~~~~~~~~~~~~~~~~~~~~~~~~~~~~~
spark_argon2id-init.adb:116:33: info: length check proved
spark_argon2id-init.adb:117:34: info: length check proved
spark_argon2id-init.adb:118:34: info: length check proved
spark_argon2id-init.adb:120:22: info: assertion proved
spark_argon2id-init.adb:123:13: info: precondition proved
spark_argon2id-init.adb:130:25: info: precondition proved
spark_argon2id-init.adb:138:34: info: length check proved
spark_argon2id-init.adb:140:22: info: assertion proved
spark_argon2id-init.adb:143:13: info: precondition proved
spark_argon2id-init.adb:150:25: info: precondition proved
spark_argon2id-init.ads:89:07: info: data dependencies proved
spark_argon2id-init.ads:92:17: info: postcondition proved
spark_argon2id-internal_types.ads:71:13: info: implicit aspect Always_Terminates on "Total_Blocks" has been proved, subprogram will terminate
spark_argon2id-internal_types.ads:77:15: info: postcondition proved
spark_argon2id-internal_types.ads:77:35: info: division check proved
spark_argon2id-internal_types.ads:80:13: info: implicit aspect Always_Terminates on "Blocks_Per_Lane" has been proved, subprogram will terminate
spark_argon2id-internal_types.ads:81:30: info: division check proved
spark_argon2id-internal_types.ads:81:30: info: range check proved
spark_argon2id-internal_types.ads:83:15: info: postcondition proved
spark_argon2id-internal_types.ads:83:38: info: overflow check proved
spark_argon2id-internal_types.ads:86:13: info: implicit aspect Always_Terminates on "Blocks_Per_Segment" has been proved, subprogram will terminate
spark_argon2id-internal_types.ads:87:33: info: division check proved
spark_argon2id-internal_types.ads:87:33: info: range check proved
spark_argon2id-internal_types.ads:89:15: info: postcondition proved
spark_argon2id-internal_types.ads:89:41: info: overflow check proved
spark_argon2id-internal_types.ads:105:12: info: range check proved
spark_argon2id-internal_types.ads:151:13: info: implicit aspect Always_Terminates on "To_Mod" has been proved, subprogram will terminate
spark_argon2id-internal_types.ads:153:07: info: data dependencies proved
spark_argon2id-internal_types.ads:156:13: info: implicit aspect Always_Terminates on "From_Mod" has been proved, subprogram will terminate
spark_argon2id-internal_types.ads:158:07: info: data dependencies proved
spark_argon2id-internal_types.ads:202:13: info: implicit aspect Always_Terminates on "Get_Indexing_Mode" has been proved, subprogram will terminate
spark_argon2id-internal_types.ads:208:07: info: data dependencies proved
spark_argon2id-internal_types.ads:209:17: info: postcondition proved
spark_argon2id-finalize.adb:24:13: info: implicit aspect Always_Terminates on "LE64" has been proved, subprogram will terminate
spark_argon2id-finalize.adb:25:22: info: range check proved
spark_argon2id-finalize.adb:26:50: info: range check proved
spark_argon2id-finalize.adb:27:51: info: range check proved
spark_argon2id-finalize.adb:28:51: info: range check proved
spark_argon2id-finalize.adb:29:51: info: range check proved
spark_argon2id-finalize.adb:30:51: info: range check proved
spark_argon2id-finalize.adb:31:51: info: range check proved
spark_argon2id-finalize.adb:32:51: info: range check proved
spark_argon2id-finalize.adb:34:07: info: data dependencies proved
spark_argon2id-finalize.adb:35:17: info: postcondition proved

spark_argon2id-finalize.adb:49:07: warning: statement has no effect
   49 |      if Parallelism = 1 then
      |      ^~

spark_argon2id-finalize.adb:50:17: warning: this statement is never reached
   50 |         Output := Memory (0, Active_Blocks_Per_Lane - 1);
      |         ~~~~~~~^~~~~~~~~~~~~~~~~~~~~~~~~~~~~~~~~~~~~~~~
spark_argon2id-finalize.adb:50:54: info: index check proved
spark_argon2id-finalize.adb:55:36: info: loop invariant preservation proved
spark_argon2id-finalize.adb:55:36: info: loop invariant initialization proved
spark_argon2id-finalize.adb:57:39: info: loop invariant preservation proved
spark_argon2id-finalize.adb:57:39: info: loop invariant initialization proved
spark_argon2id-finalize.adb:58:39: info: loop invariant initialization proved
spark_argon2id-finalize.adb:58:39: info: loop invariant preservation proved
spark_argon2id-finalize.adb:59:79: info: index check proved
spark_argon2id-finalize.adb:85:33: info: loop invariant initialization proved
spark_argon2id-finalize.adb:85:33: info: loop invariant preservation proved
spark_argon2id-finalize.adb:87:13: info: loop invariant preservation proved
spark_argon2id-finalize.adb:87:13: info: loop invariant initialization proved
spark_argon2id-finalize.adb:88:61: info: index check proved
spark_argon2id-finalize.adb:95:64: info: range check proved
spark_argon2id-finalize.adb:96:49: info: range check proved
spark_argon2id-finalize.adb:97:49: info: range check proved
spark_argon2id-finalize.adb:98:49: info: range check proved
spark_argon2id-finalize.adb:99:49: info: range check proved
spark_argon2id-finalize.adb:100:49: info: range check proved
spark_argon2id-finalize.adb:101:49: info: range check proved
spark_argon2id-finalize.adb:102:49: info: range check proved
spark_argon2id-finalize.adb:103:49: info: range check proved
spark_argon2id-finalize.adb:110:21: info: index check proved
spark_argon2id-finalize.adb:110:45: info: range check proved
spark_argon2id-finalize.adb:111:21: info: index check proved
spark_argon2id-finalize.adb:111:73: info: range check proved
spark_argon2id-finalize.adb:112:21: info: index check proved
spark_argon2id-finalize.adb:112:74: info: range check proved
spark_argon2id-finalize.adb:113:21: info: index check proved
spark_argon2id-finalize.adb:113:74: info: range check proved
spark_argon2id-finalize.adb:114:21: info: index check proved
spark_argon2id-finalize.adb:114:74: info: range check proved
spark_argon2id-finalize.adb:115:21: info: index check proved
spark_argon2id-finalize.adb:115:74: info: range check proved
spark_argon2id-finalize.adb:116:21: info: index check proved
spark_argon2id-finalize.adb:116:74: info: range check proved
spark_argon2id-finalize.adb:117:21: info: index check proved
spark_argon2id-finalize.adb:117:74: info: range check proved
spark_argon2id-finalize.adb:139:07: info: initialization of "Final_Block" proved
spark_argon2id-finalize.adb:142:07: info: initialization of "Final_Block_Bytes" proved
spark_argon2id-finalize.adb:153:22: info: assertion proved
spark_argon2id-finalize.adb:161:07: info: precondition proved
spark_argon2id-finalize.adb:161:36: info: initialization check proved
spark_argon2id-finalize.adb:162:22: info: assertion proved
spark_argon2id-finalize.adb:176:22: info: assertion proved
spark_argon2id-finalize.adb:178:07: info: precondition proved
spark_argon2id-finalize.adb:179:27: info: range check proved
spark_argon2id-finalize.ads:81:07: info: initialization of "Output" proved
spark_argon2id-finalize.ads:83:07: info: data dependencies proved
spark_argon2id-finalize.ads:84:17: info: postcondition proved
spark_argon2id-finalize.ads:114:07: info: data dependencies proved
spark_argon2id-finalize.ads:118:17: info: postcondition proved
spark_argon2id-finalize.ads:156:07: info: initialization of "Output" proved
spark_argon2id-finalize.ads:158:07: info: data dependencies proved
spark_argon2id-finalize.ads:159:23: info: range check proved
spark_argon2id-finalize.ads:162:17: info: postcondition proved
spark_argon2id-finalize.ads:162:23: info: range check proved

spark_argon2id-blake2b.adb:43:37: error: prefix of attribute "Initialized" without initialization by proof is not allowed in SPARK
   43 |     Pre    => Bytes'Length = 8 and Bytes'Initialized
      |                                    ^~~~~~~~~~~~~~~~~
  violation of aspect SPARK_Mode at line 6
    6 |  with SPARK_Mode => On
      |       ^ here

spark_argon2id-blake2b.adb:63:48: error: prefix of attribute "Initialized" without initialization by proof is not allowed in SPARK
   63 |     Post   => LE_Unpack'Result'Length = 8 and LE_Unpack'Result'Initialized
      |                                               ^~~~~~~~~~~~~~~~~~~~~~~~~~~~
  violation of aspect SPARK_Mode at line 6
    6 |  with SPARK_Mode => On
      |       ^ here

spark_argon2id-blake2b.adb:96:39: error: prefix of attribute "Initialized" without initialization by proof is not allowed in SPARK
   96 |     Pre    => Bytes'Length = 128 and Bytes'Initialized,
      |                                      ^~~~~~~~~~~~~~~~~
  violation of aspect SPARK_Mode at line 6
    6 |  with SPARK_Mode => On
      |       ^ here

spark_argon2id-blake2b.adb:97:16: error: prefix of attribute "Initialized" without initialization by proof is not allowed in SPARK
   97 |     Post   => Bytes_To_Words'Result'Initialized and Bytes_To_Words'Result'Length = 16
      |               ^~~~~~~~~~~~~~~~~~~~~~~~~~~~~~~~~
  violation of aspect SPARK_Mode at line 6
    6 |  with SPARK_Mode => On
      |       ^ here

spark_argon2id-blake2b.adb:97:83: warning: conjunct in postcondition does not check the outcome of calling "Bytes_To_Words"
   97 |     Post   => Bytes_To_Words'Result'Initialized and Bytes_To_Words'Result'Length = 16
      |                                                     ~~~~~~~~~~~~~~~~~~~~~~~~~~~~~^~~~

spark_argon2id-blake2b.adb:106:24: error: "LE_Pack" is not allowed in SPARK (due to prefix of attribute "Initialized" without initialization by proof)
  106 |         Result (I) := LE_Pack (Bytes (I * 8 + 1 .. I * 8 + 8));
      |                       ^~~~~~~~~~~~~~~~~~~~~~~~~~~~~~~~~~~~~~
  violation of aspect SPARK_Mode at line 6
    6 |  with SPARK_Mode => On
      |       ^ here

spark_argon2id-blake2b.adb:123:37: error: prefix of attribute "Initialized" without initialization by proof is not allowed in SPARK
  123 |     Pre    => Words'Length = 8 and Words'Initialized,
      |                                    ^~~~~~~~~~~~~~~~~
  violation of aspect SPARK_Mode at line 6
    6 |  with SPARK_Mode => On
      |       ^ here

spark_argon2id-blake2b.adb:124:16: error: prefix of attribute "Initialized" without initialization by proof is not allowed in SPARK
  124 |     Post   => Words_To_Bytes'Result'Initialized and Words_To_Bytes'Result'Length = 64
      |               ^~~~~~~~~~~~~~~~~~~~~~~~~~~~~~~~~
  violation of aspect SPARK_Mode at line 6
    6 |  with SPARK_Mode => On
      |       ^ here

spark_argon2id-blake2b.adb:124:83: warning: conjunct in postcondition does not check the outcome of calling "Words_To_Bytes"
  124 |     Post   => Words_To_Bytes'Result'Initialized and Words_To_Bytes'Result'Length = 64
      |                                                     ~~~~~~~~~~~~~~~~~~~~~~~~~~~~~^~~~

spark_argon2id-blake2b.adb:134:13: error: "Byte_Slice" is not allowed in SPARK (due to prefix of attribute "Initialized" without initialization by proof)
  134 |            Byte_Slice : constant Byte_Array := LE_Unpack (Words (I));
      |            ^~~~~~~~~~~~~~~~~~~~~~~~~~~~~~~~~~~~~~~~~~~~~~~~~~~~~~~
  violation of aspect SPARK_Mode at line 6
    6 |  with SPARK_Mode => On
      |       ^ here

spark_argon2id-blake2b.adb:134:49: error: "LE_Unpack" is not allowed in SPARK (due to prefix of attribute "Initialized" without initialization by proof)
  134 |            Byte_Slice : constant Byte_Array := LE_Unpack (Words (I));
      |                                                ^~~~~~~~~~~~~~~~~~~
  violation of aspect SPARK_Mode at line 6
    6 |  with SPARK_Mode => On
      |       ^ here

spark_argon2id-blake2b.adb:136:28: error: prefix of attribute "Initialized" without initialization by proof is not allowed in SPARK
  136 |            pragma Assert (Byte_Slice'Initialized and Byte_Slice'Length = 8);
      |                           ^~~~~~~~~~~~~~~~~~~~~~
  violation of aspect SPARK_Mode at line 6
    6 |  with SPARK_Mode => On
      |       ^ here

spark_argon2id-blake2b.adb:136:28: error: "Byte_Slice" is not allowed in SPARK (due to prefix of attribute "Initialized" without initialization by proof)
  136 |            pragma Assert (Byte_Slice'Initialized and Byte_Slice'Length = 8);
      |                           ^~~~~~~~~~
  violation of aspect SPARK_Mode at line 6
    6 |  with SPARK_Mode => On
      |       ^ here

spark_argon2id-blake2b.adb:136:55: error: "Byte_Slice" is not allowed in SPARK (due to prefix of attribute "Initialized" without initialization by proof)
  136 |            pragma Assert (Byte_Slice'Initialized and Byte_Slice'Length = 8);
      |                                                      ^~~~~~~~~~
  violation of aspect SPARK_Mode at line 6
    6 |  with SPARK_Mode => On
      |       ^ here

spark_argon2id-blake2b.adb:137:48: error: "Byte_Slice" is not allowed in SPARK (due to prefix of attribute "Initialized" without initialization by proof)
  137 |            Result (I * 8 + 1 .. I * 8 + 8) := Byte_Slice;
      |                                               ^~~~~~~~~~
  violation of aspect SPARK_Mode at line 6
    6 |  with SPARK_Mode => On
      |       ^ here

spark_argon2id-blake2b.adb:157:34: error: prefix of attribute "Initialized" without initialization by proof is not allowed in SPARK
  157 |     Pre    => V'Length = 16 and V'Initialized and
      |                                 ^~~~~~~~~~~~~
  violation of aspect SPARK_Mode at line 6
    6 |  with SPARK_Mode => On
      |       ^ here

spark_argon2id-blake2b.adb:160:16: error: prefix of attribute "Initialized" without initialization by proof is not allowed in SPARK
  160 |     Post   => V'Initialized and V'Length = 16
      |               ^~~~~~~~~~~~~
  violation of aspect SPARK_Mode at line 6
    6 |  with SPARK_Mode => On
      |       ^ here

spark_argon2id-blake2b.adb:160:43: warning: conjunct in postcondition does not check the outcome of calling "G"
  160 |     Post   => V'Initialized and V'Length = 16
      |                                 ~~~~~~~~~^~~~

spark_argon2id-blake2b.adb:171:22: error: prefix of attribute "Initialized" without initialization by proof is not allowed in SPARK
  171 |      pragma Assert (V'Initialized);  -- All elements updated or unchanged
      |                     ^~~~~~~~~~~~~
  violation of aspect SPARK_Mode at line 6
    6 |  with SPARK_Mode => On
      |       ^ here

spark_argon2id-blake2b.adb:184:16: error: prefix of attribute "Initialized" without initialization by proof is not allowed in SPARK
  184 |     Post   => Init_State'Result'Initialized and Init_State'Result'Length = 8
      |               ^~~~~~~~~~~~~~~~~~~~~~~~~~~~~
  violation of aspect SPARK_Mode at line 6
    6 |  with SPARK_Mode => On
      |       ^ here

spark_argon2id-blake2b.adb:184:75: warning: conjunct in postcondition does not check the outcome of calling "Init_State"
  184 |     Post   => Init_State'Result'Initialized and Init_State'Result'Length = 8
      |                                                 ~~~~~~~~~~~~~~~~~~~~~~~~~^~~

spark_argon2id-blake2b.adb:211:07: error: "M" is not allowed in SPARK (due to prefix of attribute "Initialized" without initialization by proof)
  211 |      M : constant Message_Words := Bytes_To_Words (Block);
      |      ^~~~~~~~~~~~~~~~~~~~~~~~~~~~~~~~~~~~~~~~~~~~~~~~~~~
  violation of aspect SPARK_Mode at line 6
    6 |  with SPARK_Mode => On
      |       ^ here

spark_argon2id-blake2b.adb:211:37: error: "Bytes_To_Words" is not allowed in SPARK (due to prefix of attribute "Initialized" without initialization by proof)
  211 |      M : constant Message_Words := Bytes_To_Words (Block);
      |                                    ^~~~~~~~~~~~~~~~~~~~~
  violation of aspect SPARK_Mode at line 6
    6 |  with SPARK_Mode => On
      |       ^ here

spark_argon2id-blake2b.adb:249:10: error: "G" is not allowed in SPARK (due to prefix of attribute "Initialized" without initialization by proof)
  249 |         G (V, 0, 4,  8, 12); G (V, 1, 5,  9, 13); G (V, 2, 6, 10, 14); G (V, 3, 7, 11, 15);
      |         ^~~~~~~~~~~~~~~~~~
  violation of aspect SPARK_Mode at line 6
    6 |  with SPARK_Mode => On
      |       ^ here

spark_argon2id-blake2b.adb:249:31: error: "G" is not allowed in SPARK (due to prefix of attribute "Initialized" without initialization by proof)
  249 |         G (V, 0, 4,  8, 12); G (V, 1, 5,  9, 13); G (V, 2, 6, 10, 14); G (V, 3, 7, 11, 15);
      |                              ^~~~~~~~~~~~~~~~~~
  violation of aspect SPARK_Mode at line 6
    6 |  with SPARK_Mode => On
      |       ^ here

spark_argon2id-blake2b.adb:249:52: error: "G" is not allowed in SPARK (due to prefix of attribute "Initialized" without initialization by proof)
  249 |         G (V, 0, 4,  8, 12); G (V, 1, 5,  9, 13); G (V, 2, 6, 10, 14); G (V, 3, 7, 11, 15);
      |                                                   ^~~~~~~~~~~~~~~~~~
  violation of aspect SPARK_Mode at line 6
    6 |  with SPARK_Mode => On
      |       ^ here

spark_argon2id-blake2b.adb:249:73: error: "G" is not allowed in SPARK (due to prefix of attribute "Initialized" without initialization by proof)
  249 |         G (V, 0, 4,  8, 12); G (V, 1, 5,  9, 13); G (V, 2, 6, 10, 14); G (V, 3, 7, 11, 15);
      |                                                                        ^~~~~~~~~~~~~~~~~~
  violation of aspect SPARK_Mode at line 6
    6 |  with SPARK_Mode => On
      |       ^ here

spark_argon2id-blake2b.adb:250:10: error: "G" is not allowed in SPARK (due to prefix of attribute "Initialized" without initialization by proof)
  250 |         G (V, 0, 5, 10, 15); G (V, 1, 6, 11, 12); G (V, 2, 7,  8, 13); G (V, 3, 4,  9, 14);
      |         ^~~~~~~~~~~~~~~~~~
  violation of aspect SPARK_Mode at line 6
    6 |  with SPARK_Mode => On
      |       ^ here

spark_argon2id-blake2b.adb:250:31: error: "G" is not allowed in SPARK (due to prefix of attribute "Initialized" without initialization by proof)
  250 |         G (V, 0, 5, 10, 15); G (V, 1, 6, 11, 12); G (V, 2, 7,  8, 13); G (V, 3, 4,  9, 14);
      |                              ^~~~~~~~~~~~~~~~~~
  violation of aspect SPARK_Mode at line 6
    6 |  with SPARK_Mode => On
      |       ^ here

spark_argon2id-blake2b.adb:250:52: error: "G" is not allowed in SPARK (due to prefix of attribute "Initialized" without initialization by proof)
  250 |         G (V, 0, 5, 10, 15); G (V, 1, 6, 11, 12); G (V, 2, 7,  8, 13); G (V, 3, 4,  9, 14);
      |                                                   ^~~~~~~~~~~~~~~~~~
  violation of aspect SPARK_Mode at line 6
    6 |  with SPARK_Mode => On
      |       ^ here

spark_argon2id-blake2b.adb:250:73: error: "G" is not allowed in SPARK (due to prefix of attribute "Initialized" without initialization by proof)
  250 |         G (V, 0, 5, 10, 15); G (V, 1, 6, 11, 12); G (V, 2, 7,  8, 13); G (V, 3, 4,  9, 14);
      |                                                                        ^~~~~~~~~~~~~~~~~~
  violation of aspect SPARK_Mode at line 6
    6 |  with SPARK_Mode => On
      |       ^ here

spark_argon2id-blake2b.adb:256:60: error: prefix of attribute "Initialized" without initialization by proof is not allowed in SPARK
  256 |         pragma Loop_Invariant (for all J in 0 .. I - 1 => State (J)'Initialized);
      |                                                           ^~~~~~~~~~~~~~~~~~~~~
  violation of aspect SPARK_Mode at line 6
    6 |  with SPARK_Mode => On
      |       ^ here

spark_argon2id-blake2b.adb:258:25: error: prefix of attribute "Initialized" without initialization by proof is not allowed in SPARK
  258 |         pragma Assert (State (I)'Initialized);
      |                        ^~~~~~~~~~~~~~~~~~~~~
  violation of aspect SPARK_Mode at line 6
    6 |  with SPARK_Mode => On
      |       ^ here

spark_argon2id-blake2b.adb:260:22: error: prefix of attribute "Initialized" without initialization by proof is not allowed in SPARK
  260 |      pragma Assert (State'Initialized);
      |                     ^~~~~~~~~~~~~~~~~
  violation of aspect SPARK_Mode at line 6
    6 |  with SPARK_Mode => On
      |       ^ here

spark_argon2id-blake2b.adb:273:07: error: "State" is not allowed in SPARK (due to prefix of attribute "Initialized" without initialization by proof)
  273>|      State : State_Words := Init_State (64)
  274 |         with Relaxed_Initialization;
  violation of aspect SPARK_Mode at line 6
    6 |  with SPARK_Mode => On
      |       ^ here

spark_argon2id-blake2b.adb:273:30: error: "Init_State" is not allowed in SPARK (due to prefix of attribute "Initialized" without initialization by proof)
  273 |      State : State_Words := Init_State (64)
      |                             ^~~~~~~~~~~~~~
  violation of aspect SPARK_Mode at line 6
    6 |  with SPARK_Mode => On
      |       ^ here

spark_argon2id-blake2b.adb:275:22: error: "State" is not allowed in SPARK (due to prefix of attribute "Initialized" without initialization by proof)
  275 |      pragma Assert (State'Initialized);  -- From Init_State post
      |                     ^~~~~
  violation of aspect SPARK_Mode at line 6
    6 |  with SPARK_Mode => On
      |       ^ here

spark_argon2id-blake2b.adb:285:33: error: "State" is not allowed in SPARK (due to prefix of attribute "Initialized" without initialization by proof)
  285 |         pragma Loop_Invariant (State'Initialized);
      |                                ^~~~~
  violation of aspect SPARK_Mode at line 6
    6 |  with SPARK_Mode => On
      |       ^ here

spark_argon2id-blake2b.adb:288:20: error: "State" is not allowed in SPARK (due to prefix of attribute "Initialized" without initialization by proof)
  288 |         Compress (State, Block, U64 (Offset - Message'First + 128), False);
      |                   ^~~~~
  violation of aspect SPARK_Mode at line 6
    6 |  with SPARK_Mode => On
      |       ^ here

spark_argon2id-blake2b.adb:289:25: error: "State" is not allowed in SPARK (due to prefix of attribute "Initialized" without initialization by proof)
  289 |         pragma Assert (State'Initialized);
      |                        ^~~~~
  violation of aspect SPARK_Mode at line 6
    6 |  with SPARK_Mode => On
      |       ^ here

spark_argon2id-blake2b.adb:301:17: error: "State" is not allowed in SPARK (due to prefix of attribute "Initialized" without initialization by proof)
  301 |      Compress (State, Block, U64 (Message'Length), True);
      |                ^~~~~
  violation of aspect SPARK_Mode at line 6
    6 |  with SPARK_Mode => On
      |       ^ here

spark_argon2id-blake2b.adb:302:22: error: "State" is not allowed in SPARK (due to prefix of attribute "Initialized" without initialization by proof)
  302 |      pragma Assert (State'Initialized);
      |                     ^~~~~
  violation of aspect SPARK_Mode at line 6
    6 |  with SPARK_Mode => On
      |       ^ here

spark_argon2id-blake2b.adb:305:17: error: "Words_To_Bytes" is not allowed in SPARK (due to prefix of attribute "Initialized" without initialization by proof)
  305 |      Output := Words_To_Bytes (State);
      |                ^~~~~~~~~~~~~~~~~~~~~
  violation of aspect SPARK_Mode at line 6
    6 |  with SPARK_Mode => On
      |       ^ here

spark_argon2id-blake2b.adb:305:33: error: "State" is not allowed in SPARK (due to prefix of attribute "Initialized" without initialization by proof)
  305 |      Output := Words_To_Bytes (State);
      |                                ^~~~~
  violation of aspect SPARK_Mode at line 6
    6 |  with SPARK_Mode => On
      |       ^ here

spark_argon2id-blake2b.adb:306:22: error: prefix of attribute "Initialized" without initialization by proof is not allowed in SPARK
  306 |      pragma Assert (Output'Initialized);
      |                     ^~~~~~~~~~~~~~~~~~
  violation of aspect SPARK_Mode at line 6
    6 |  with SPARK_Mode => On
      |       ^ here

spark_argon2id-blake2b.adb:319:07: error: "State" is not allowed in SPARK (due to prefix of attribute "Initialized" without initialization by proof)
  319>|      State : State_Words := Init_State (Output'Length)
  320 |         with Relaxed_Initialization;
  violation of aspect SPARK_Mode at line 6
    6 |  with SPARK_Mode => On
      |       ^ here

spark_argon2id-blake2b.adb:319:30: error: "Init_State" is not allowed in SPARK (due to prefix of attribute "Initialized" without initialization by proof)
  319 |      State : State_Words := Init_State (Output'Length)
      |                             ^~~~~~~~~~~~~~~~~~~~~~~~~
  violation of aspect SPARK_Mode at line 6
    6 |  with SPARK_Mode => On
      |       ^ here

spark_argon2id-blake2b.adb:321:22: error: "State" is not allowed in SPARK (due to prefix of attribute "Initialized" without initialization by proof)
  321 |      pragma Assert (State'Initialized);
      |                     ^~~~~
  violation of aspect SPARK_Mode at line 6
    6 |  with SPARK_Mode => On
      |       ^ here

spark_argon2id-blake2b.adb:333:20: error: "State" is not allowed in SPARK (due to prefix of attribute "Initialized" without initialization by proof)
  333 |         Compress (State, Block, 0, True);
      |                   ^~~~~
  violation of aspect SPARK_Mode at line 6
    6 |  with SPARK_Mode => On
      |       ^ here

spark_argon2id-blake2b.adb:334:25: error: "State" is not allowed in SPARK (due to prefix of attribute "Initialized" without initialization by proof)
  334 |         pragma Assert (State'Initialized);
      |                        ^~~~~
  violation of aspect SPARK_Mode at line 6
    6 |  with SPARK_Mode => On
      |       ^ here

spark_argon2id-blake2b.adb:336:13: error: "Full_Output" is not allowed in SPARK (due to prefix of attribute "Initialized" without initialization by proof)
  336 |            Full_Output : constant Hash_Type := Words_To_Bytes (State);
      |            ^~~~~~~~~~~~~~~~~~~~~~~~~~~~~~~~~~~~~~~~~~~~~~~~~~~~~~~~~
  violation of aspect SPARK_Mode at line 6
    6 |  with SPARK_Mode => On
      |       ^ here

spark_argon2id-blake2b.adb:336:49: error: "Words_To_Bytes" is not allowed in SPARK (due to prefix of attribute "Initialized" without initialization by proof)
  336 |            Full_Output : constant Hash_Type := Words_To_Bytes (State);
      |                                                ^~~~~~~~~~~~~~~~~~~~~
  violation of aspect SPARK_Mode at line 6
    6 |  with SPARK_Mode => On
      |       ^ here

spark_argon2id-blake2b.adb:336:65: error: "State" is not allowed in SPARK (due to prefix of attribute "Initialized" without initialization by proof)
  336 |            Full_Output : constant Hash_Type := Words_To_Bytes (State);
      |                                                                ^~~~~
  violation of aspect SPARK_Mode at line 6
    6 |  with SPARK_Mode => On
      |       ^ here

spark_argon2id-blake2b.adb:338:28: error: prefix of attribute "Initialized" without initialization by proof is not allowed in SPARK
  338 |            pragma Assert (Full_Output'Initialized);
      |                           ^~~~~~~~~~~~~~~~~~~~~~~
  violation of aspect SPARK_Mode at line 6
    6 |  with SPARK_Mode => On
      |       ^ here

spark_argon2id-blake2b.adb:338:28: error: "Full_Output" is not allowed in SPARK (due to prefix of attribute "Initialized" without initialization by proof)
  338 |            pragma Assert (Full_Output'Initialized);
      |                           ^~~~~~~~~~~
  violation of aspect SPARK_Mode at line 6
    6 |  with SPARK_Mode => On
      |       ^ here

spark_argon2id-blake2b.adb:339:23: error: "Full_Output" is not allowed in SPARK (due to prefix of attribute "Initialized" without initialization by proof)
  339 |            Output := Full_Output (1 .. Out_Len);
      |                      ^~~~~~~~~~~
  violation of aspect SPARK_Mode at line 6
    6 |  with SPARK_Mode => On
      |       ^ here

spark_argon2id-blake2b.adb:340:28: error: prefix of attribute "Initialized" without initialization by proof is not allowed in SPARK
  340 |            pragma Assert (Output'Initialized);
      |                           ^~~~~~~~~~~~~~~~~~
  violation of aspect SPARK_Mode at line 6
    6 |  with SPARK_Mode => On
      |       ^ here

spark_argon2id-blake2b.adb:348:33: error: "State" is not allowed in SPARK (due to prefix of attribute "Initialized" without initialization by proof)
  348 |         pragma Loop_Invariant (State'Initialized);
      |                                ^~~~~
  violation of aspect SPARK_Mode at line 6
    6 |  with SPARK_Mode => On
      |       ^ here

spark_argon2id-blake2b.adb:351:20: error: "State" is not allowed in SPARK (due to prefix of attribute "Initialized" without initialization by proof)
  351 |         Compress (State, Block, U64 (Offset - Message'First + 128), False);
      |                   ^~~~~
  violation of aspect SPARK_Mode at line 6
    6 |  with SPARK_Mode => On
      |       ^ here

spark_argon2id-blake2b.adb:352:25: error: "State" is not allowed in SPARK (due to prefix of attribute "Initialized" without initialization by proof)
  352 |         pragma Assert (State'Initialized);
      |                        ^~~~~
  violation of aspect SPARK_Mode at line 6
    6 |  with SPARK_Mode => On
      |       ^ here

spark_argon2id-blake2b.adb:364:17: error: "State" is not allowed in SPARK (due to prefix of attribute "Initialized" without initialization by proof)
  364 |      Compress (State, Block, U64 (Message'Length), True);
      |                ^~~~~
  violation of aspect SPARK_Mode at line 6
    6 |  with SPARK_Mode => On
      |       ^ here

spark_argon2id-blake2b.adb:365:22: error: "State" is not allowed in SPARK (due to prefix of attribute "Initialized" without initialization by proof)
  365 |      pragma Assert (State'Initialized);
      |                     ^~~~~
  violation of aspect SPARK_Mode at line 6
    6 |  with SPARK_Mode => On
      |       ^ here

spark_argon2id-blake2b.adb:369:10: error: "Full_Output" is not allowed in SPARK (due to prefix of attribute "Initialized" without initialization by proof)
  369 |         Full_Output : constant Hash_Type := Words_To_Bytes (State);
      |         ^~~~~~~~~~~~~~~~~~~~~~~~~~~~~~~~~~~~~~~~~~~~~~~~~~~~~~~~~
  violation of aspect SPARK_Mode at line 6
    6 |  with SPARK_Mode => On
      |       ^ here

spark_argon2id-blake2b.adb:369:46: error: "Words_To_Bytes" is not allowed in SPARK (due to prefix of attribute "Initialized" without initialization by proof)
  369 |         Full_Output : constant Hash_Type := Words_To_Bytes (State);
      |                                             ^~~~~~~~~~~~~~~~~~~~~
  violation of aspect SPARK_Mode at line 6
    6 |  with SPARK_Mode => On
      |       ^ here

spark_argon2id-blake2b.adb:369:62: error: "State" is not allowed in SPARK (due to prefix of attribute "Initialized" without initialization by proof)
  369 |         Full_Output : constant Hash_Type := Words_To_Bytes (State);
      |                                                             ^~~~~
  violation of aspect SPARK_Mode at line 6
    6 |  with SPARK_Mode => On
      |       ^ here

spark_argon2id-blake2b.adb:371:25: error: prefix of attribute "Initialized" without initialization by proof is not allowed in SPARK
  371 |         pragma Assert (Full_Output'Initialized);
      |                        ^~~~~~~~~~~~~~~~~~~~~~~
  violation of aspect SPARK_Mode at line 6
    6 |  with SPARK_Mode => On
      |       ^ here

spark_argon2id-blake2b.adb:371:25: error: "Full_Output" is not allowed in SPARK (due to prefix of attribute "Initialized" without initialization by proof)
  371 |         pragma Assert (Full_Output'Initialized);
      |                        ^~~~~~~~~~~
  violation of aspect SPARK_Mode at line 6
    6 |  with SPARK_Mode => On
      |       ^ here

spark_argon2id-blake2b.adb:372:20: error: "Full_Output" is not allowed in SPARK (due to prefix of attribute "Initialized" without initialization by proof)
  372 |         Output := Full_Output (1 .. Out_Len);
      |                   ^~~~~~~~~~~
  violation of aspect SPARK_Mode at line 6
    6 |  with SPARK_Mode => On
      |       ^ here

spark_argon2id-blake2b.adb:373:25: error: prefix of attribute "Initialized" without initialization by proof is not allowed in SPARK
  373 |         pragma Assert (Output'Initialized);
      |                        ^~~~~~~~~~~~~~~~~~
  violation of aspect SPARK_Mode at line 6
    6 |  with SPARK_Mode => On
      |       ^ here

spark_argon2id-blake2b.ads:100:06: warning: postcondition does not check the outcome of calling "Hash"
  100 |     Post   => Output'Length = 64;
      |     ^~~~~~~~~~~~~~~~~~~~~~~~~~~~

spark_argon2id-blake2b.ads:153:06: warning: postcondition does not check the outcome of calling "Compress"
  153 |     Post   => State'Length = 8;
      |     ^~~~~~~~~~~~~~~~~~~~~~~~~~
Summary logged in /Users/sicarii/Desktop/Desktop - MacBook Pro/spark_argon2id/obj/gnatprove/gnatprove.out
gnatprove: error during flow analysis and proof
ERROR: Command ["gnatprove", "-P", "spark_argon2id.gpr", "--level=2", "--timeout=120", "--report=all", "--warnings=continue"] exited with code 1
